\BOOKMARK [0][-]{chapter.1}{\376\377\000I\000n\000t\000r\000o\000d\000u\000c\000t\000i\000o\000n}{}% 1
\BOOKMARK [0][-]{chapter.2}{\376\377\000B\000a\000c\000k\000g\000r\000o\000u\000n\000d}{}% 2
\BOOKMARK [1][-]{section.2.1}{\376\377\000H\000o\000n\000e\000y\000p\000o\000t}{chapter.2}% 3
\BOOKMARK [1][-]{section.2.2}{\376\377\000A\000c\000c\000o\000r\000d\000i\000n\000g\000\040\000t\000o\000\040\000t\000h\000e\000\040\000l\000e\000v\000e\000l\000\040\000o\000f\000\040\000i\000n\000t\000e\000r\000a\000c\000t\000i\000o\000n}{chapter.2}% 4
\BOOKMARK [1][-]{section.2.3}{\376\377\000A\000c\000c\000o\000r\000d\000i\000n\000g\000\040\000t\000o\000\040\000t\000h\000e\000\040\000p\000u\000r\000p\000o\000s\000e}{chapter.2}% 5
\BOOKMARK [1][-]{section.2.4}{\376\377\000A\000c\000c\000o\000r\000d\000i\000n\000g\000\040\000t\000o\000\040\000t\000h\000e\000\040\000l\000o\000c\000a\000t\000i\000o\000n}{chapter.2}% 6
\BOOKMARK [1][-]{section.2.5}{\376\377\000A\000c\000c\000o\000r\000d\000i\000n\000g\000\040\000t\000o\000\040\000t\000h\000e\000\040\000i\000m\000p\000l\000e\000m\000e\000n\000t\000a\000t\000i\000o\000n}{chapter.2}% 7
\BOOKMARK [0][-]{chapter.3}{\376\377\000H\000o\000n\000e\000y\000p\000o\000t\000\040\000t\000y\000p\000o\000l\000o\000g\000i\000e\000s\000\040\000f\000o\000r\000\040\000d\000i\000f\000f\000e\000r\000e\000n\000t\000\040\000a\000t\000t\000a\000c\000k\000s}{}% 8
\BOOKMARK [1][-]{section.3.1}{\376\377\000M\000a\000l\000w\000a\000r\000e\000\040\000A\000t\000t\000a\000c\000k\000s\000\040\000a\000n\000d\000\040\000C\000o\000u\000n\000t\000e\000r\000m\000e\000a\000s\000u\000r\000e\000s}{chapter.3}% 9
\BOOKMARK [2][-]{subsection.3.1.1}{\376\377\000M\000a\000l\000w\000a\000r\000e\000\040\000a\000t\000t\000a\000c\000k\000s}{section.3.1}% 10
\BOOKMARK [2][-]{subsection.3.1.2}{\376\377\000M\000a\000l\000w\000a\000r\000e\000\040\000H\000o\000n\000e\000y\000p\000o\000t\000s}{section.3.1}% 11
\BOOKMARK [1][-]{section.3.2}{\376\377\000W\000e\000b\000\040\000a\000p\000p\000l\000i\000c\000a\000t\000i\000o\000n\000\040\000h\000o\000n\000e\000y\000p\000o\000t}{chapter.3}% 12
\BOOKMARK [2][-]{subsection.3.2.1}{\376\377\000D\000S\000h\000i\000e\000l\000d\000\040\000W\000e\000b\000\040\000H\000o\000n\000e\000y\000p\000o\000t}{section.3.2}% 13
\BOOKMARK [2][-]{subsection.3.2.2}{\376\377\000G\000l\000a\000s\000t\000o\000p\000f}{section.3.2}% 14
\BOOKMARK [2][-]{subsection.3.2.3}{\376\377\000C\000o\000m\000p\000a\000r\000a\000t\000i\000o\000n\000\040\000b\000e\000t\000w\000e\000e\000n\000\040\000g\000l\000a\000s\000t\000o\000p\000f\000\040\000a\000n\000d\000\040\000D\000S\000h\000i\000e\000l\000d\000\040\000H\000o\000n\000e\000y\000p\000o\000t}{section.3.2}% 15
\BOOKMARK [2][-]{subsection.3.2.4}{\376\377\000S\000N\000A\000R\000E\000\040\000a\000n\000d\000\040\000T\000a\000n\000n\000e\000r}{section.3.2}% 16
\BOOKMARK [2][-]{subsection.3.2.5}{\376\377\000S\000o\000l\000u\000t\000i\000o\000n\000\040\000o\000f\000\040\000H\000o\000n\000e\000y\000p\000o\000t\000\040\000w\000i\000t\000h\000\040\000S\000N\000A\000R\000E}{section.3.2}% 17
\BOOKMARK [1][-]{section.3.3}{\376\377\000V\000i\000r\000t\000u\000a\000l\000\040\000H\000o\000n\000e\000y\000p\000o\000t}{chapter.3}% 18
\BOOKMARK [2][-]{subsection.3.3.1}{\376\377\000A\000\040\000t\000o\000o\000l\000\040\000f\000o\000r\000\040\000v\000i\000r\000t\000u\000a\000l\000\040\000h\000o\000n\000e\000y\000p\000o\000t\000:\000\040\000H\000o\000n\000e\000y\000d}{section.3.3}% 19
\BOOKMARK [1][-]{section.3.4}{\376\377\000D\000o\000S\000\040\000a\000t\000t\000a\000c\000k}{chapter.3}% 20
\BOOKMARK [2][-]{subsection.3.4.1}{\376\377\000D\000i\000f\000f\000e\000r\000e\000n\000t\000\040\000t\000y\000p\000e\000\040\000o\000f\000\040\000D\000o\000s\000\040\000a\000t\000t\000a\000c\000k}{section.3.4}% 21
\BOOKMARK [1][-]{section.3.5}{\376\377\000M\000I\000T\000M\000\040\000a\000t\000t\000a\000c\000k\000\040\000a\000n\000d\000\040\000h\000o\000n\000e\000y\000p\000o\000t\000s}{chapter.3}% 22
\BOOKMARK [1][-]{section.3.6}{\376\377\000F\000A\000K\000E\000H\000O\000N\000E\000Y\000M\000I\000T\000M\000\040\000\050\000M\000I\000T\000M\000\040\000a\000t\000t\000a\000c\000k\000s\000\040\000a\000n\000d\000\040\000h\000o\000n\000e\000y\000p\000o\000t\000s\000\051}{chapter.3}% 23
\BOOKMARK [1][-]{section.3.7}{\376\377\000E\000a\000v\000e\000s\000d\000r\000o\000p\000p\000i\000n\000g\000\040\000A\000t\000t\000a\000c\000k\000\040\000a\000n\000d\000\040\000C\000o\000u\000n\000t\000e\000r\000m\000e\000a\000s\000u\000r\000e\000s}{chapter.3}% 24
\BOOKMARK [2][-]{subsection.3.7.1}{\376\377\000E\000a\000v\000e\000s\000d\000r\000o\000p\000p\000i\000n\000g\000\040\000A\000t\000t\000a\000c\000k}{section.3.7}% 25
\BOOKMARK [2][-]{subsection.3.7.2}{\376\377\000E\000n\000c\000r\000y\000p\000t\000i\000n\000g\000\040\000t\000h\000e\000\040\000c\000h\000a\000n\000n\000e\000l}{section.3.7}% 26
\BOOKMARK [2][-]{subsection.3.7.3}{\376\377\000P\000h\000y\000s\000i\000c\000a\000l\000\040\000C\000o\000u\000n\000t\000e\000r\000m\000e\000a\000s\000u\000r\000e\000s}{section.3.7}% 27
\BOOKMARK [2][-]{subsection.3.7.4}{\376\377\000I\000m\000p\000u\000l\000s\000i\000v\000e\000\040\000S\000t\000a\000t\000i\000s\000t\000i\000c\000a\000l\000\040\000F\000i\000n\000g\000e\000r\000p\000r\000i\000n\000t\000i\000n\000g}{section.3.7}% 28
\BOOKMARK [2][-]{subsection.3.7.5}{\376\377\000A\000c\000t\000i\000v\000e\000\040\000E\000a\000v\000e\000s\000d\000r\000o\000p\000p\000i\000n\000g\000\040\000-\000\040\000M\000L\000\040\000a\000p\000p\000r\000o\000a\000c\000h}{section.3.7}% 29
\BOOKMARK [2][-]{subsection.3.7.6}{\376\377\000P\000o\000s\000s\000i\000b\000l\000e\000\040\000H\000o\000n\000e\000y\000p\000o\000t\000s}{section.3.7}% 30
\BOOKMARK [1][-]{section.3.8}{\376\377\000P\000a\000s\000s\000w\000o\000r\000d\000\040\000A\000t\000t\000a\000c\000k\000\040\000a\000n\000d\000\040\000c\000o\000u\000n\000t\000e\000r\000m\000e\000a\000s\000u\000r\000e\000s}{chapter.3}% 31
\BOOKMARK [2][-]{subsection.3.8.1}{\376\377\000L\000i\000s\000t\000\040\000o\000f\000\040\000c\000o\000u\000n\000t\000e\000r\000a\000c\000t\000s\000\040\000a\000n\000d\000\040\000c\000o\000n\000s\000i\000d\000e\000r\000a\000t\000i\000o\000n\000s}{section.3.8}% 32
\BOOKMARK [0][-]{chapter.4}{\376\377\000I\000m\000p\000l\000e\000m\000e\000n\000t\000a\000t\000i\000o\000n\000\040\000O\000v\000e\000r\000v\000i\000e\000w}{}% 33
\BOOKMARK [1][-]{section.4.1}{\376\377\000C\000a\000s\000e\000\040\000o\000f\000\040\000s\000t\000u\000d\000y\000\040\0001\000:\000\040\000C\000l\000u\000s\000t\000e\000r\000\040\000a\000n\000d\000\040\000H\000o\000n\000e\000y\000p\000o\000t\000\040\000f\000o\000r\000\040\000a\000\040\000R\000a\000n\000s\000o\000m\000w\000a\000r\000e\000\040\000a\000t\000t\000a\000c\000k}{chapter.4}% 34
\BOOKMARK [2][-]{subsection.4.1.1}{\376\377\000P\000r\000o\000b\000l\000e\000m}{section.4.1}% 35
\BOOKMARK [2][-]{subsection.4.1.2}{\376\377\000G\000o\000a\000l\000\040\000o\000f\000\040\000t\000h\000e\000\040\000p\000r\000o\000j\000e\000c\000t}{section.4.1}% 36
\BOOKMARK [2][-]{subsection.4.1.3}{\376\377\000S\000o\000l\000u\000t\000i\000o\000n\000\040\000O\000v\000e\000r\000v\000i\000e\000w}{section.4.1}% 37
\BOOKMARK [1][-]{section.4.2}{\376\377\000C\000a\000s\000e\000\040\000o\000f\000\040\000s\000t\000u\000d\000y\000\040\0002\000:\000\040\000C\000l\000u\000s\000t\000e\000r\000\040\000a\000n\000d\000\040\000H\000o\000n\000e\000y\000p\000o\000t\000\040\000f\000o\000r\000\040\000a\000\040\000D\000o\000S\000\040\000a\000t\000t\000a\000c\000k}{chapter.4}% 38
\BOOKMARK [2][-]{subsection.4.2.1}{\376\377\000G\000o\000a\000l\000\040\000o\000f\000\040\000t\000h\000e\000\040\000p\000r\000o\000j\000e\000c\000t}{section.4.2}% 39
\BOOKMARK [2][-]{subsection.4.2.2}{\376\377\000S\000o\000l\000u\000t\000i\000o\000n\000\040\000o\000v\000e\000r\000v\000i\000e\000w\000:\000\040\000D\000O\000S\000P\000O\000T\000P\000Y\000\040\000a\000n\000d\000\040\000c\000l\000i\000m\000a\000t\000O\000f\000f\000i\000c\000e}{section.4.2}% 40
\BOOKMARK [2][-]{subsection.4.2.3}{\376\377\000T\000h\000e\000\040\000d\000i\000s\000p\000a\000t\000c\000h\000e\000r\000\040\000e\000v\000o\000l\000u\000t\000i\000o\000n\000:\000\040\000I\000P\000S\000\040\000i\000s\000s\000u\000e}{section.4.2}% 41
\BOOKMARK [0][-]{chapter.5}{\376\377\000I\000m\000p\000l\000e\000m\000e\000n\000t\000a\000t\000i\000o\000n\000\040\000D\000e\000t\000a\000i\000l\000s}{}% 42
\BOOKMARK [1][-]{section.5.1}{\376\377\000C\000a\000s\000e\000\040\000o\000f\000\040\000s\000t\000u\000d\000y\000\040\0001\000:\000\040\000C\000l\000u\000s\000t\000e\000r\000\040\000a\000n\000d\000\040\000H\000o\000n\000e\000y\000p\000o\000t\000\040\000f\000o\000r\000\040\000a\000\040\000R\000a\000n\000s\000o\000m\000w\000a\000r\000e\000\040\000a\000t\000t\000a\000c\000k}{chapter.5}% 43
\BOOKMARK [2][-]{subsection.5.1.1}{\376\377\000W\000o\000r\000k\000f\000l\000o\000w}{section.5.1}% 44
\BOOKMARK [2][-]{subsection.5.1.2}{\376\377\000S\000t\000r\000u\000c\000t\000u\000r\000e\000\040\000o\000f\000\040\000t\000h\000e\000\040\000I\000o\000T\000\040\000c\000l\000u\000s\000t\000e\000r\000\040\000a\000n\000d\000\040\000c\000l\000u\000s\000t\000e\000r\000\040\000f\000u\000n\000c\000t\000i\000o\000n\000a\000l\000i\000t\000i\000e\000s}{section.5.1}% 45
\BOOKMARK [2][-]{subsection.5.1.3}{\376\377\000C\000r\000e\000a\000t\000i\000o\000n\000\040\000o\000f\000\040\000F\000i\000l\000e\000\040\000S\000y\000s\000t\000e\000m}{section.5.1}% 46
\BOOKMARK [2][-]{subsection.5.1.4}{\376\377\000M\000o\000n\000i\000t\000o\000r\000i\000n\000g\000\040\000P\000h\000a\000s\000e}{section.5.1}% 47
\BOOKMARK [2][-]{subsection.5.1.5}{\376\377\000R\000a\000n\000s\000o\000m\000w\000a\000r\000e}{section.5.1}% 48
\BOOKMARK [2][-]{subsection.5.1.6}{\376\377\000C\000o\000m\000m\000a\000n\000d\000\040\000R\000e\000d\000i\000r\000e\000c\000t\000i\000o\000n}{section.5.1}% 49
\BOOKMARK [1][-]{section.5.2}{\376\377\000C\000a\000s\000e\000\040\000o\000f\000\040\000s\000t\000u\000d\000y\000\040\0002\000:\000\040\000C\000l\000u\000s\000t\000e\000r\000\040\000a\000n\000d\000\040\000H\000o\000n\000e\000y\000p\000o\000t\000\040\000f\000o\000r\000\040\000a\000\040\000D\000o\000S\000\040\000a\000t\000t\000a\000c\000k}{chapter.5}% 50
\BOOKMARK [2][-]{subsection.5.2.1}{\376\377\000I\000n\000s\000t\000r\000u\000m\000e\000n\000t\000s\000\040\000u\000s\000e\000d}{section.5.2}% 51
\BOOKMARK [2][-]{subsection.5.2.2}{\376\377\000\040\000F\000i\000r\000s\000t\000\040\000s\000t\000r\000u\000c\000t\000u\000r\000e\000\040\000o\000f\000\040\000t\000h\000e\000\040\000I\000o\000T\000\040\000c\000l\000u\000s\000t\000e\000r}{section.5.2}% 52
\BOOKMARK [2][-]{subsection.5.2.3}{\376\377\000\040\000S\000e\000c\000o\000n\000d\000\040\000s\000t\000r\000u\000c\000t\000u\000r\000e\000\040\000o\000f\000\040\000t\000h\000e\000\040\000I\000o\000T\000\040\000c\000l\000u\000s\000t\000e\000r}{section.5.2}% 53
\BOOKMARK [0][-]{chapter.6}{\376\377\000R\000e\000s\000u\000l\000t\000s}{}% 54
\BOOKMARK [1][-]{section.6.1}{\376\377\000R\000e\000s\000u\000l\000t\000s\000\040\000a\000b\000o\000u\000t\000\040\000c\000a\000s\000e\000\040\000o\000f\000\040\000s\000t\000u\000d\000y\000\040\0002\000:\000\040\000C\000l\000u\000s\000t\000e\000r\000\040\000a\000n\000d\000\040\000H\000o\000n\000e\000y\000p\000o\000t\000\040\000f\000o\000r\000\040\000a\000\040\000D\000o\000S\000\040\000a\000t\000t\000a\000c\000k}{chapter.6}% 55
\BOOKMARK [2][-]{subsection.6.1.1}{\376\377\000H\000i\000g\000h\000\040\000l\000e\000v\000e\000l\000\040\000v\000e\000r\000s\000i\000o\000n}{section.6.1}% 56
\BOOKMARK [2][-]{subsection.6.1.2}{\376\377\000L\000o\000w\000\040\000l\000e\000v\000e\000l\000\040\000v\000e\000r\000s\000i\000o\000n}{section.6.1}% 57
\BOOKMARK [1][-]{section.6.2}{\376\377\000K\000n\000o\000w\000n\000\040\000I\000s\000s\000u\000e\000s}{chapter.6}% 58
\BOOKMARK [1][-]{section.6.3}{\376\377\000F\000u\000t\000u\000r\000e\000\040\000W\000o\000r\000k}{chapter.6}% 59
\BOOKMARK [2][-]{subsection.6.3.1}{\376\377\000C\000a\000s\000e\000\040\000o\000f\000\040\000s\000t\000u\000d\000y\000\040\0002\000:\000\040\000C\000l\000u\000s\000t\000e\000r\000\040\000a\000n\000d\000\040\000H\000o\000n\000e\000y\000p\000o\000t\000\040\000f\000o\000r\000\040\000a\000\040\000D\000o\000S\000\040\000a\000t\000t\000a\000c\000k}{section.6.3}% 60
\BOOKMARK [0][-]{chapter.7}{\376\377\000C\000o\000n\000c\000l\000u\000s\000i\000o\000n\000s}{}% 61
\BOOKMARK [0][-]{appendix.A}{\376\377\000U\000s\000e\000r\000\040\000M\000a\000n\000u\000a\000l\000\040\000f\000o\000r\000\040\000M\000a\000l\000w\000a\000r\000e\000\040\000H\000o\000n\000e\000y\000p\000o\000t}{}% 62
\BOOKMARK [0][-]{appendix.B}{\376\377\000U\000s\000e\000r\000\040\000M\000a\000n\000u\000a\000l\000\040\000f\000o\000r\000\040\000D\000O\000S\000\040\000H\000o\000n\000e\000y\000p\000o\000t}{}% 63
\BOOKMARK [1][-]{section.B.1}{\376\377\000H\000o\000w\000\040\000t\000o\000\040\000s\000t\000a\000r\000t\000\040\000t\000h\000e\000\040\000c\000l\000u\000s\000t\000e\000r\000.\000,\000\040\000v\000e\000r\000s\000i\000o\000n\000\040\000H\000i\000g\000h\000\040\000L\000e\000v\000e\000l}{appendix.B}% 64
\BOOKMARK [1][-]{section.B.2}{\376\377\000H\000o\000w\000\040\000t\000o\000\040\000s\000t\000a\000r\000t\000\040\000t\000h\000e\000\040\000c\000l\000u\000s\000t\000e\000r\000.\000,\000\040\000v\000e\000r\000s\000i\000o\000n\000\040\000L\000o\000w\000\040\000L\000e\000v\000e\000l}{appendix.B}% 65
\BOOKMARK [1][-]{section.B.3}{\376\377\000H\000o\000w\000\040\000t\000o\000\040\000u\000s\000e\000\040\000t\000h\000e\000\040\000t\000e\000r\000m\000i\000n\000a\000l}{appendix.B}% 66
\BOOKMARK [1][-]{section.B.4}{\376\377\000I\000n\000j\000e\000c\000t\000\040\000t\000h\000e\000\040\000D\000O\000S\000\040\000a\000t\000t\000a\000c\000k}{appendix.B}% 67
\BOOKMARK [0][-]{appendix.C}{\376\377\000A\000P\000I}{}% 68
