This is XeTeX, Version 3.141592653-2.6-0.999994 (MiKTeX 22.3) (preloaded format=xelatex 2022.6.19)  30 JUN 2022 15:00
entering extended mode
 restricted \write18 enabled.
 %&-line parsing enabled.
**./report.tex
(report.tex
LaTeX2e <2021-11-15> patch level 1
L3 programming layer <2022-02-24>
(C:\Users\iacop\AppData\Local\Programs\MiKTeX\tex/latex/base\book.cls
Document Class: book 2021/10/04 v1.4n Standard LaTeX document class
(C:\Users\iacop\AppData\Local\Programs\MiKTeX\tex/latex/base\bk10.clo
File: bk10.clo 2021/10/04 v1.4n Standard LaTeX file (size option)
)
\c@part=\count181
\c@chapter=\count182
\c@section=\count183
\c@subsection=\count184
\c@subsubsection=\count185
\c@paragraph=\count186
\c@subparagraph=\count187
\c@figure=\count188
\c@table=\count189
\abovecaptionskip=\skip47
\belowcaptionskip=\skip48
\bibindent=\dimen138
)
(C:\Users\iacop\AppData\Local\Programs\MiKTeX\tex/generic/babel\babel.sty
Package: babel 2022/02/26 3.73 The Babel package
\babel@savecnt=\count190
\U@D=\dimen139
\l@unhyphenated=\language79

(C:\Users\iacop\AppData\Local\Programs\MiKTeX\tex/generic/babel\xebabel.def
(C:\Users\iacop\AppData\Local\Programs\MiKTeX\tex/generic/babel\txtbabel.def))
\bbl@readstream=\read2
\bbl@dirlevel=\count191

*************************************
* Local config file bblopts.cfg used
*
(C:\Users\iacop\AppData\Local\Programs\MiKTeX\tex/latex/arabi\bblopts.cfg
File: bblopts.cfg 2005/09/08 v0.1 add Arabic and Farsi to "declared" options of
 babel
)
(C:\Users\iacop\AppData\Local\Programs\MiKTeX\tex/latex/babel-english\english.l
df
Language: english 2017/06/06 v3.3r English support from the babel system
Package babel Info: Hyphen rules for 'canadian' set to \l@english
(babel)             (\language0). Reported on input line 102.
Package babel Info: Hyphen rules for 'australian' set to \l@ukenglish
(babel)             (\language73). Reported on input line 105.
Package babel Info: Hyphen rules for 'newzealand' set to \l@ukenglish
(babel)             (\language73). Reported on input line 108.
))
(C:\Users\iacop\AppData\Local\Programs\MiKTeX\tex/latex/fancyhdr\fancyhdr.sty
Package: fancyhdr 2022/05/18 v4.0.3 Extensive control of page headers and foote
rs
\f@nch@headwidth=\skip49
\f@nch@O@elh=\skip50
\f@nch@O@erh=\skip51
\f@nch@O@olh=\skip52
\f@nch@O@orh=\skip53
\f@nch@O@elf=\skip54
\f@nch@O@erf=\skip55
\f@nch@O@olf=\skip56
\f@nch@O@orf=\skip57
)
(C:\Users\iacop\AppData\Local\Programs\MiKTeX\tex/latex/base\makeidx.sty
Package: makeidx 2021/10/04 v1.0m Standard LaTeX package
)
(C:\Users\iacop\AppData\Local\Programs\MiKTeX\tex/latex/titlesec\titlesec.sty
Package: titlesec 2021/07/05 v2.14 Sectioning titles
\ttl@box=\box50
\beforetitleunit=\skip58
\aftertitleunit=\skip59
\ttl@plus=\dimen140
\ttl@minus=\dimen141
\ttl@toksa=\toks16
\titlewidth=\dimen142
\titlewidthlast=\dimen143
\titlewidthfirst=\dimen144
)
(C:\Users\iacop\AppData\Local\Programs\MiKTeX\tex/latex/listings\listings.sty
(C:\Users\iacop\AppData\Local\Programs\MiKTeX\tex/latex/graphics\keyval.sty
Package: keyval 2014/10/28 v1.15 key=value parser (DPC)
\KV@toks@=\toks17
)
\lst@mode=\count192
\lst@gtempboxa=\box51
\lst@token=\toks18
\lst@length=\count193
\lst@currlwidth=\dimen145
\lst@column=\count194
\lst@pos=\count195
\lst@lostspace=\dimen146
\lst@width=\dimen147
\lst@newlines=\count196
\lst@lineno=\count197
\lst@maxwidth=\dimen148

(C:\Users\iacop\AppData\Local\Programs\MiKTeX\tex/latex/listings\lstmisc.sty
File: lstmisc.sty 2020/03/24 1.8d (Carsten Heinz)
\c@lstnumber=\count198
\lst@skipnumbers=\count199
\lst@framebox=\box52
)
(C:\Users\iacop\AppData\Local\Programs\MiKTeX\tex/latex/listings\listings.cfg
File: listings.cfg 2020/03/24 1.8d listings configuration
))
Package: listings 2020/03/24 1.8d (Carsten Heinz)
(C:\Users\iacop\AppData\Local\Programs\MiKTeX\tex/latex/booktabs\booktabs.sty
Package: booktabs 2020/01/12 v1.61803398 Publication quality tables
\heavyrulewidth=\dimen149
\lightrulewidth=\dimen150
\cmidrulewidth=\dimen151
\belowrulesep=\dimen152
\belowbottomsep=\dimen153
\aboverulesep=\dimen154
\abovetopsep=\dimen155
\cmidrulesep=\dimen156
\cmidrulekern=\dimen157
\defaultaddspace=\dimen158
\@cmidla=\count266
\@cmidlb=\count267
\@aboverulesep=\dimen159
\@belowrulesep=\dimen160
\@thisruleclass=\count268
\@lastruleclass=\count269
\@thisrulewidth=\dimen161
)
(C:\Users\iacop\AppData\Local\Programs\MiKTeX\tex/latex/hyperref\hyperref.sty
Package: hyperref 2022-02-21 v7.00n Hypertext links for LaTeX

(C:\Users\iacop\AppData\Local\Programs\MiKTeX\tex/generic/ltxcmds\ltxcmds.sty
Package: ltxcmds 2020-05-10 v1.25 LaTeX kernel commands for general use (HO)
)
(C:\Users\iacop\AppData\Local\Programs\MiKTeX\tex/generic/iftex\iftex.sty
Package: iftex 2022/02/03 v1.0f TeX engine tests
)
(C:\Users\iacop\AppData\Local\Programs\MiKTeX\tex/generic/pdftexcmds\pdftexcmds
.sty
Package: pdftexcmds 2020-06-27 v0.33 Utility functions of pdfTeX for LuaTeX (HO
)

(C:\Users\iacop\AppData\Local\Programs\MiKTeX\tex/generic/infwarerr\infwarerr.s
ty
Package: infwarerr 2019/12/03 v1.5 Providing info/warning/error messages (HO)
)
Package pdftexcmds Info: \pdf@primitive is available.
Package pdftexcmds Info: \pdf@ifprimitive is available.
Package pdftexcmds Info: \pdfdraftmode not found.
)
(C:\Users\iacop\AppData\Local\Programs\MiKTeX\tex/generic/kvsetkeys\kvsetkeys.s
ty
Package: kvsetkeys 2019/12/15 v1.18 Key value parser (HO)
)
(C:\Users\iacop\AppData\Local\Programs\MiKTeX\tex/generic/kvdefinekeys\kvdefine
keys.sty
Package: kvdefinekeys 2019-12-19 v1.6 Define keys (HO)
)
(C:\Users\iacop\AppData\Local\Programs\MiKTeX\tex/generic/pdfescape\pdfescape.s
ty
Package: pdfescape 2019/12/09 v1.15 Implements pdfTeX's escape features (HO)
) (C:\Users\iacop\AppData\Local\Programs\MiKTeX\tex/latex/hycolor\hycolor.sty
Package: hycolor 2020-01-27 v1.10 Color options for hyperref/bookmark (HO)
)
(C:\Users\iacop\AppData\Local\Programs\MiKTeX\tex/latex/letltxmacro\letltxmacro
.sty
Package: letltxmacro 2019/12/03 v1.6 Let assignment for LaTeX macros (HO)
)
(C:\Users\iacop\AppData\Local\Programs\MiKTeX\tex/latex/auxhook\auxhook.sty
Package: auxhook 2019-12-17 v1.6 Hooks for auxiliary files (HO)
)
(C:\Users\iacop\AppData\Local\Programs\MiKTeX\tex/latex/kvoptions\kvoptions.sty
Package: kvoptions 2020-10-07 v3.14 Key value format for package options (HO)
)
\@linkdim=\dimen162
\Hy@linkcounter=\count270
\Hy@pagecounter=\count271
 (C:\Users\iacop\AppData\Local\Programs\MiKTeX\tex/latex/hyperref\pd1enc.def
File: pd1enc.def 2022-02-21 v7.00n Hyperref: PDFDocEncoding definition (HO)
)
(C:\Users\iacop\AppData\Local\Programs\MiKTeX\tex/generic/intcalc\intcalc.sty
Package: intcalc 2019/12/15 v1.3 Expandable calculations with integers (HO)
)
(C:\Users\iacop\AppData\Local\Programs\MiKTeX\tex/generic/etexcmds\etexcmds.sty
Package: etexcmds 2019/12/15 v1.7 Avoid name clashes with e-TeX commands (HO)
)
\Hy@SavedSpaceFactor=\count272
 (C:\Users\iacop\AppData\Local\Programs\MiKTeX\tex/latex/hyperref\puenc.def
File: puenc.def 2022-02-21 v7.00n Hyperref: PDF Unicode definition (HO)
)
Package hyperref Info: Hyper figures OFF on input line 4137.
Package hyperref Info: Link nesting OFF on input line 4142.
Package hyperref Info: Hyper index ON on input line 4145.
Package hyperref Info: Plain pages OFF on input line 4152.
Package hyperref Info: Backreferencing OFF on input line 4157.
Package hyperref Info: Implicit mode ON; LaTeX internals redefined.
Package hyperref Info: Bookmarks ON on input line 4390.
\c@Hy@tempcnt=\count273

(C:\Users\iacop\AppData\Local\Programs\MiKTeX\tex/latex/url\url.sty
\Urlmuskip=\muskip16
Package: url 2013/09/16  ver 3.4  Verb mode for urls, etc.
)
LaTeX Info: Redefining \url on input line 4749.
\XeTeXLinkMargin=\dimen163

(C:\Users\iacop\AppData\Local\Programs\MiKTeX\tex/generic/bitset\bitset.sty
Package: bitset 2019/12/09 v1.3 Handle bit-vector datatype (HO)

(C:\Users\iacop\AppData\Local\Programs\MiKTeX\tex/generic/bigintcalc\bigintcalc
.sty
Package: bigintcalc 2019/12/15 v1.5 Expandable calculations on big integers (HO
)
))
\Fld@menulength=\count274
\Field@Width=\dimen164
\Fld@charsize=\dimen165
Package hyperref Info: Hyper figures OFF on input line 6027.
Package hyperref Info: Link nesting OFF on input line 6032.
Package hyperref Info: Hyper index ON on input line 6035.
Package hyperref Info: backreferencing OFF on input line 6042.
Package hyperref Info: Link coloring OFF on input line 6047.
Package hyperref Info: Link coloring with OCG OFF on input line 6052.
Package hyperref Info: PDF/A mode OFF on input line 6057.
LaTeX Info: Redefining \ref on input line 6097.
LaTeX Info: Redefining \pageref on input line 6101.

(C:\Users\iacop\AppData\Local\Programs\MiKTeX\tex/latex/base\atbegshi-ltx.sty
Package: atbegshi-ltx 2021/01/10 v1.0c Emulation of the original atbegshi
package with kernel methods
)
\Hy@abspage=\count275
\c@Item=\count276
\c@Hfootnote=\count277
)
Package hyperref Info: Driver (autodetected): hxetex.
(C:\Users\iacop\AppData\Local\Programs\MiKTeX\tex/latex/hyperref\hxetex.def
File: hxetex.def 2022-02-21 v7.00n Hyperref driver for XeTeX

(C:\Users\iacop\AppData\Local\Programs\MiKTeX\tex/generic/stringenc\stringenc.s
ty
Package: stringenc 2019/11/29 v1.12 Convert strings between diff. encodings (HO
)
)
\pdfm@box=\box53
\c@Hy@AnnotLevel=\count278
\HyField@AnnotCount=\count279
\Fld@listcount=\count280
\c@bookmark@seq@number=\count281

(C:\Users\iacop\AppData\Local\Programs\MiKTeX\tex/latex/rerunfilecheck\rerunfil
echeck.sty
Package: rerunfilecheck 2019/12/05 v1.9 Rerun checks for auxiliary files (HO)

(C:\Users\iacop\AppData\Local\Programs\MiKTeX\tex/latex/base\atveryend-ltx.sty
Package: atveryend-ltx 2020/08/19 v1.0a Emulation of the original atveryend pac
kage
with kernel methods
)
(C:\Users\iacop\AppData\Local\Programs\MiKTeX\tex/generic/uniquecounter\uniquec
ounter.sty
Package: uniquecounter 2019/12/15 v1.4 Provide unlimited unique counter (HO)
)
Package uniquecounter Info: New unique counter `rerunfilecheck' on input line 2
86.
)
\Hy@SectionHShift=\skip60
)
(C:\Users\iacop\AppData\Local\Programs\MiKTeX\tex/latex/float\float.sty
Package: float 2001/11/08 v1.3d Float enhancements (AL)
\c@float@type=\count282
\float@exts=\toks19
\float@box=\box54
\@float@everytoks=\toks20
\@floatcapt=\box55
)
(C:\Users\iacop\AppData\Local\Programs\MiKTeX\tex/latex/placeins\placeins.sty
Package: placeins 2005/04/18  v 2.2
)
(C:\Users\iacop\AppData\Local\Programs\MiKTeX\tex/latex/graphics\graphicx.sty
Package: graphicx 2021/09/16 v1.2d Enhanced LaTeX Graphics (DPC,SPQR)

(C:\Users\iacop\AppData\Local\Programs\MiKTeX\tex/latex/graphics\graphics.sty
Package: graphics 2021/03/04 v1.4d Standard LaTeX Graphics (DPC,SPQR)

(C:\Users\iacop\AppData\Local\Programs\MiKTeX\tex/latex/graphics\trig.sty
Package: trig 2021/08/11 v1.11 sin cos tan (DPC)
)
(C:\Users\iacop\AppData\Local\Programs\MiKTeX\tex/latex/graphics-cfg\graphics.c
fg
File: graphics.cfg 2016/06/04 v1.11 sample graphics configuration
)
Package graphics Info: Driver file: xetex.def on input line 107.

(C:\Users\iacop\AppData\Local\Programs\MiKTeX\tex/latex/graphics-def\xetex.def
File: xetex.def 2021/03/18 v5.0k Graphics/color driver for xetex
))
\Gin@req@height=\dimen166
\Gin@req@width=\dimen167
) (C:\Users\iacop\AppData\Local\Programs\MiKTeX\tex/latex/amsmath\amsmath.sty
Package: amsmath 2021/10/15 v2.17l AMS math features
\@mathmargin=\skip61

For additional information on amsmath, use the `?' option.
(C:\Users\iacop\AppData\Local\Programs\MiKTeX\tex/latex/amsmath\amstext.sty
Package: amstext 2021/08/26 v2.01 AMS text

(C:\Users\iacop\AppData\Local\Programs\MiKTeX\tex/latex/amsmath\amsgen.sty
File: amsgen.sty 1999/11/30 v2.0 generic functions
\@emptytoks=\toks21
\ex@=\dimen168
))
(C:\Users\iacop\AppData\Local\Programs\MiKTeX\tex/latex/amsmath\amsbsy.sty
Package: amsbsy 1999/11/29 v1.2d Bold Symbols
\pmbraise@=\dimen169
)
(C:\Users\iacop\AppData\Local\Programs\MiKTeX\tex/latex/amsmath\amsopn.sty
Package: amsopn 2021/08/26 v2.02 operator names
)
\inf@bad=\count283
LaTeX Info: Redefining \frac on input line 234.
\uproot@=\count284
\leftroot@=\count285
LaTeX Info: Redefining \overline on input line 399.
\classnum@=\count286
\DOTSCASE@=\count287
LaTeX Info: Redefining \ldots on input line 496.
LaTeX Info: Redefining \dots on input line 499.
LaTeX Info: Redefining \cdots on input line 620.
\Mathstrutbox@=\box56
\strutbox@=\box57
\big@size=\dimen170
LaTeX Font Info:    Redeclaring font encoding OML on input line 743.
LaTeX Font Info:    Redeclaring font encoding OMS on input line 744.
\macc@depth=\count288
\c@MaxMatrixCols=\count289
\dotsspace@=\muskip17
\c@parentequation=\count290
\dspbrk@lvl=\count291
\tag@help=\toks22
\row@=\count292
\column@=\count293
\maxfields@=\count294
\andhelp@=\toks23
\eqnshift@=\dimen171
\alignsep@=\dimen172
\tagshift@=\dimen173
\tagwidth@=\dimen174
\totwidth@=\dimen175
\lineht@=\dimen176
\@envbody=\toks24
\multlinegap=\skip62
\multlinetaggap=\skip63
\mathdisplay@stack=\toks25
LaTeX Info: Redefining \[ on input line 2938.
LaTeX Info: Redefining \] on input line 2939.
)
(C:\Users\iacop\AppData\Local\Programs\MiKTeX\tex/latex/amsfonts\amsfonts.sty
Package: amsfonts 2013/01/14 v3.01 Basic AMSFonts support
\symAMSa=\mathgroup4
\symAMSb=\mathgroup5
LaTeX Font Info:    Redeclaring math symbol \hbar on input line 98.
LaTeX Font Info:    Overwriting math alphabet `\mathfrak' in version `bold'
(Font)                  U/euf/m/n --> U/euf/b/n on input line 106.
)
(C:\Users\iacop\AppData\Local\Programs\MiKTeX\tex/latex/amscls\amsthm.sty
Package: amsthm 2020/05/29 v2.20.6
\thm@style=\toks26
\thm@bodyfont=\toks27
\thm@headfont=\toks28
\thm@notefont=\toks29
\thm@headpunct=\toks30
\thm@preskip=\skip64
\thm@postskip=\skip65
\thm@headsep=\skip66
\dth@everypar=\toks31
)
(C:\Users\iacop\AppData\Local\Programs\MiKTeX\tex/latex/amsfonts\amssymb.sty
Package: amssymb 2013/01/14 v3.01 AMS font symbols
)
(C:\Users\iacop\AppData\Local\Programs\MiKTeX\tex/latex/caption\caption.sty
Package: caption 2022/03/01 v3.6b Customizing captions (AR)

(C:\Users\iacop\AppData\Local\Programs\MiKTeX\tex/latex/caption\caption3.sty
Package: caption3 2022/03/17 v2.3b caption3 kernel (AR)
\caption@tempdima=\dimen177
\captionmargin=\dimen178
\caption@leftmargin=\dimen179
\caption@rightmargin=\dimen180
\caption@width=\dimen181
\caption@indent=\dimen182
\caption@parindent=\dimen183
\caption@hangindent=\dimen184
Package caption Info: Standard document class detected.
)
\c@caption@flags=\count295
\c@continuedfloat=\count296
Package caption Info: float package is loaded.
Package caption Info: hyperref package is loaded.
Package caption Info: listings package is loaded.
)
(C:\Users\iacop\AppData\Local\Programs\MiKTeX\tex/latex/mathtools\empheq.sty
Package: empheq 2017/03/31 v2.15 Emphasizing equations

(C:\Users\iacop\AppData\Local\Programs\MiKTeX\tex/latex/mathtools\mhsetup.sty
Package: mhsetup 2021/03/18 v1.4 programming setup (MH)
)
(C:\Users\iacop\AppData\Local\Programs\MiKTeX\tex/latex/mathtools\mathtools.sty
Package: mathtools 2022/02/07 v1.28a mathematical typesetting tools
(C:\Users\iacop\AppData\Local\Programs\MiKTeX\tex/latex/tools\calc.sty
Package: calc 2017/05/25 v4.3 Infix arithmetic (KKT,FJ)
\calc@Acount=\count297
\calc@Bcount=\count298
\calc@Adimen=\dimen185
\calc@Bdimen=\dimen186
\calc@Askip=\skip67
\calc@Bskip=\skip68
LaTeX Info: Redefining \setlength on input line 80.
LaTeX Info: Redefining \addtolength on input line 81.
\calc@Ccount=\count299
\calc@Cskip=\skip69
)
\g_MT_multlinerow_int=\count300
\l_MT_multwidth_dim=\dimen187
\origjot=\skip70
\l_MT_shortvdotswithinadjustabove_dim=\dimen188
\l_MT_shortvdotswithinadjustbelow_dim=\dimen189
\l_MT_above_intertext_sep=\dimen190
\l_MT_below_intertext_sep=\dimen191
\l_MT_above_shortintertext_sep=\dimen192
\l_MT_below_shortintertext_sep=\dimen193
\xmathstrut@box=\box58
\xmathstrut@dim=\dimen194
)
\l_EQ_equationtype_int=\count301
\l_EQ_alignmentmode_int=\count302
\l_EQ_totalwidth_dim=\dimen195
\l_EQ_displaywidth_dim=\dimen196
\l_EQ_temp_linewidth_dim=\dimen197
\l_EQ_linewidth_dim=\dimen198
\EmphEqdelimitershortfall=\dimen199
\EmphEqdelimiterfactor=\count303
\g_EQ_toptag_height_dim=\dimen256
\g_EQ_bottomtag_depth_dim=\dimen257
\g_EQ_toprow_height_dim=\dimen258
\g_EQ_bottomrow_depth_dim=\dimen259
\g_EQ_widesttag_dim=\dimen260
\EQ_mathdisplay_box=\box59
\EQ_tag_box=\box60
\g_EQ_temprow_int=\count304
)
(C:\Users\iacop\AppData\Local\Programs\MiKTeX\tex/latex/tools\verbatim.sty
Package: verbatim 2020-07-07 v1.5u LaTeX2e package for verbatim enhancements
\every@verbatim=\toks32
\verbatim@line=\toks33
\verbatim@in@stream=\read3
)
(C:\Users\iacop\AppData\Local\Programs\MiKTeX\tex/latex/fancyvrb\fancyvrb.sty
Package: fancyvrb 2022/06/06 4.5 verbatim text (tvz,hv)
\FV@CodeLineNo=\count305
\FV@InFile=\read4
\FV@TabBox=\box61
\c@FancyVerbLine=\count306
\FV@StepNumber=\count307
\FV@OutFile=\write3
)
(C:\Users\iacop\AppData\Local\Programs\MiKTeX\tex/latex/xcolor\xcolor.sty
Package: xcolor 2021/10/31 v2.13 LaTeX color extensions (UK)

(C:\Users\iacop\AppData\Local\Programs\MiKTeX\tex/latex/graphics-cfg\color.cfg
File: color.cfg 2016/01/02 v1.6 sample color configuration
)
Package xcolor Info: Driver file: xetex.def on input line 227.
Package xcolor Info: Model `cmy' substituted by `cmy0' on input line 1352.
Package xcolor Info: Model `RGB' extended on input line 1368.
Package xcolor Info: Model `HTML' substituted by `rgb' on input line 1370.
Package xcolor Info: Model `Hsb' substituted by `hsb' on input line 1371.
Package xcolor Info: Model `tHsb' substituted by `hsb' on input line 1372.
Package xcolor Info: Model `HSB' substituted by `hsb' on input line 1373.
Package xcolor Info: Model `Gray' substituted by `gray' on input line 1374.
Package xcolor Info: Model `wave' substituted by `hsb' on input line 1375.
)
\@indexfile=\write4
\openout4 = `report.idx'.


Writing index file report.idx

(C:\Users\iacop\AppData\Local\Programs\MiKTeX\tex/latex/l3backend\l3backend-xet
ex.def
File: l3backend-xetex.def 2022-02-07 L3 backend support: XeTeX
 ()
\c__kernel_sys_dvipdfmx_version_int=\count308
\l__color_backend_stack_int=\count309
\g__color_backend_stack_int=\count310
\g__graphics_track_int=\count311
\l__pdf_internal_box=\box62
\g__pdf_backend_object_int=\count312
\g__pdf_backend_annotation_int=\count313
\g__pdf_backend_link_int=\count314
)

LaTeX Warning: Unused global option(s):
    [makeidx].

(report.aux

LaTeX Warning: Label `fig:irradiances' multiply defined.


LaTeX Warning: Label `fig:irradiances' multiply defined.


LaTeX Warning: Label `fig:irradiances' multiply defined.


LaTeX Warning: Label `fig:irradiances' multiply defined.


LaTeX Warning: Label `fig:irradiances' multiply defined.


LaTeX Warning: Label `fig:irradiances' multiply defined.


LaTeX Warning: Label `fig:irradiances' multiply defined.


LaTeX Warning: Label `fig:irradiances' multiply defined.


LaTeX Warning: Label `fig:TCPDos' multiply defined.

)
\openout1 = `report.aux'.

LaTeX Font Info:    Checking defaults for OML/cmm/m/it on input line 67.
LaTeX Font Info:    ... okay on input line 67.
LaTeX Font Info:    Checking defaults for OMS/cmsy/m/n on input line 67.
LaTeX Font Info:    ... okay on input line 67.
LaTeX Font Info:    Checking defaults for OT1/cmr/m/n on input line 67.
LaTeX Font Info:    ... okay on input line 67.
LaTeX Font Info:    Checking defaults for T1/cmr/m/n on input line 67.
LaTeX Font Info:    ... okay on input line 67.
LaTeX Font Info:    Checking defaults for TS1/cmr/m/n on input line 67.
LaTeX Font Info:    Trying to load font information for TS1+cmr on input line 6
7.
 (C:\Users\iacop\AppData\Local\Programs\MiKTeX\tex/latex/base\ts1cmr.fd
File: ts1cmr.fd 2019/12/16 v2.5j Standard LaTeX font definitions
)
LaTeX Font Info:    ... okay on input line 67.
LaTeX Font Info:    Checking defaults for TU/lmr/m/n on input line 67.
LaTeX Font Info:    ... okay on input line 67.
LaTeX Font Info:    Checking defaults for OMX/cmex/m/n on input line 67.
LaTeX Font Info:    ... okay on input line 67.
LaTeX Font Info:    Checking defaults for U/cmr/m/n on input line 67.
LaTeX Font Info:    ... okay on input line 67.
LaTeX Font Info:    Checking defaults for PD1/pdf/m/n on input line 67.
LaTeX Font Info:    ... okay on input line 67.
LaTeX Font Info:    Checking defaults for PU/pdf/m/n on input line 67.
LaTeX Font Info:    ... okay on input line 67.
\c@lstlisting=\count315
Package hyperref Info: Link coloring OFF on input line 67.

(C:\Users\iacop\AppData\Local\Programs\MiKTeX\tex/latex/hyperref\nameref.sty
Package: nameref 2021-04-02 v2.47 Cross-referencing by name of section

(C:\Users\iacop\AppData\Local\Programs\MiKTeX\tex/latex/refcount\refcount.sty
Package: refcount 2019/12/15 v3.6 Data extraction from label references (HO)
)
(C:\Users\iacop\AppData\Local\Programs\MiKTeX\tex/generic/gettitlestring\gettit
lestring.sty
Package: gettitlestring 2019/12/15 v1.6 Cleanup title references (HO)
)
\c@section@level=\count316
)
LaTeX Info: Redefining \ref on input line 67.
LaTeX Info: Redefining \pageref on input line 67.
LaTeX Info: Redefining \nameref on input line 67.
 (report.out) (report.out)
\@outlinefile=\write5
\openout5 = `report.out'.

Package caption Info: Begin \AtBeginDocument code.
Package caption Info: End \AtBeginDocument code.
File: ./logopolitonuovo.jpeg Graphic file (type bmp)
<./logopolitonuovo.jpeg>
LaTeX Font Info:    Trying to load font information for U+msa on input line 94.


(C:\Users\iacop\AppData\Local\Programs\MiKTeX\tex/latex/amsfonts\umsa.fd
File: umsa.fd 2013/01/14 v3.01 AMS symbols A
)
LaTeX Font Info:    Trying to load font information for U+msb on input line 94.


(C:\Users\iacop\AppData\Local\Programs\MiKTeX\tex/latex/amsfonts\umsb.fd
File: umsb.fd 2013/01/14 v3.01 AMS symbols B
)
[1



] (report.toc [1

])
\tf@toc=\write6
\openout6 = `report.toc'.

 [2] (report.lof)
\tf@lof=\write7
\openout7 = `report.lof'.

 [3

] (report.lot)
\tf@lot=\write8
\openout8 = `report.lot'.

 [4

]
(chapters/abstract.tex
Overfull \hbox (59.48228pt too wide) in paragraph at lines 6--7
[][]$[][][][][] [] [] [] [][][][][][][] [] [][][][] [] [][][] [] [][][][][][][]
[] [] [][][][][][][][][][][] [] [][][][][][][][][][][][][][][][][][][][][][][][
][][][][][][][][][][][][][][][][][][][][][][][][][][]$[] 
 []


Overfull \hbox (53.23228pt too wide) in paragraph at lines 7--8
[][]$[][][][][] [] [] [] [][][] [] [][][] [] [][][] [] [][] [] [][][][][][][][]
 [] [][][][][][][][][][][][][][][][] [] [][][][][][][][][][][][][][][][][] [] [
][][][][][][][][][][][][][][][][][][][][][][][][] []
 []

) (chapters/introduction.tex [1


]
Chapter 1.
) (chapters/background.tex [2

]
Chapter 2.
[3

] [4]
Underfull \hbox (badness 10000) in paragraph at lines 50--52

 []


Underfull \hbox (badness 10000) in paragraph at lines 50--52

 []

) (chapters/closerlook.tex [5]
Chapter 3.
(chapters/MalwareHoneypot.tex [6

]
File: images/responses.jpg Graphic file (type bmp)
<images/responses.jpg>
 [7]

LaTeX Warning: Citation `https://doi.org/10.48550/arxiv.1804.04637' on page 8 u
ndefined on input line 61.

[8]
File: images/machineLearning.jpg Graphic file (type bmp)
<images/machineLearning.jpg>
 [9]) (chapters/databaseHoneypot.tex
File: images/DSHoneypot.png Graphic file (type bmp)
<images/DSHoneypot.png>


LaTeX Warning: `!h' float specifier changed to `!ht'.

[10]

LaTeX Warning: Citation `dshieldandGlastopf' on page 11 undefined on input line
 39.

File: images/workingtecniques.png Graphic file (type bmp)
<images/workingtecniques.png>

Overfull \hbox (2.09113pt too wide) in paragraph at lines 39--47
\TU/lmr/m/n/10 In the paper of 2014 ,\TU/lmr/m/it/10 The Behavioural Study of L
ow Interaction Honeypots: DSHIELD and GLASTOPF
 []


LaTeX Warning: `!h' float specifier changed to `!ht'.

[11]
Underfull \hbox (badness 10000) in paragraph at lines 48--50

 []

File: images/DHP.png Graphic file (type bmp)
<images/DHP.png>

LaTeX Warning: `!h' float specifier changed to `!ht'.

[12]

LaTeX Warning: Citation `https://doi.org/10.48550/arxiv.2105.04773' on page 13 
undefined on input line 65.


Overfull \hbox (1.24123pt too wide) in paragraph at lines 72--73
[]\TU/lmr/m/n/10 Emulation engine: every event on SNARE has to pass through all
 types of emulators: GET,POST
 []

[13]
File: images/solution.png Graphic file (type bmp)
<images/solution.png>
) (chapters/HoneyId.tex [14]

LaTeX Warning: Citation `Provos2003HoneydA' on page 15 undefined on input line 
8.

File: images/honeyd1.png Graphic file (type bmp)
<images/honeyd1.png>

Overfull \hbox (40.09544pt too wide) in paragraph at lines 12--13
 [][] 
 []


Underfull \hbox (badness 10000) in paragraph at lines 17--19

 []

[15]
File: images/honeyd.png Graphic file (type bmp)
<images/honeyd.png>
) (chapters/DoSHoneypot.tex [16]
File: images/TCP3wayHANDSHAKE.drawio.png Graphic file (type bmp)
<images/TCP3wayHANDSHAKE.drawio.png>


LaTeX Warning: `!h' float specifier changed to `!ht'.

[17]
File: images/DosSYNFloodAttack.drawio.png Graphic file (type bmp)
<images/DosSYNFloodAttack.drawio.png>
) (chapters/MITMHoneypot.tex [18]
File: images/MITMExampleAttack.drawio.png Graphic file (type bmp)
<images/MITMExampleAttack.drawio.png>
File: images/MITMHONEYPOT.drawio.png Graphic file (type bmp)
<images/MITMHONEYPOT.drawio.png>
 [19]
File: images/MITMFakeSensor.drawio.png Graphic file (type bmp)
<images/MITMFakeSensor.drawio.png>
 [20]) (chapters/eavesdropping.tex
[21]

LaTeX Warning: Citation `https://doi.org/10.48550/arxiv.2108.00149' on page 22 
undefined on input line 11.


LaTeX Warning: Citation `Zou_2016' on page 22 undefined on input line 13.


LaTeX Warning: Citation `https://doi.org/10.48550/arxiv.2002.07340' on page 22 
undefined on input line 14.

[22])) (chapters/overview.tex [23]
Chapter 4.
File: images/ramsonwareHoneypot.png Graphic file (type bmp)
<images/ramsonwareHoneypot.png>

Overfull \hbox (14.22636pt too wide) in paragraph at lines 27--28
 [][] 
 []


LaTeX Warning: `!h' float specifier changed to `!ht'.

[24

] [25]

LaTeX Warning: Citation `7944057' on page 26 undefined on input line 70.


Underfull \hbox (badness 10000) in paragraph at lines 69--74

 []

File: images/IOTlever2IPS.png Graphic file (type bmp)
<images/IOTlever2IPS.png>
[26]
Underfull \hbox (badness 10000) in paragraph at lines 95--96

 []

File: images/IOTIPS.drawio.png Graphic file (type bmp)
<images/IOTIPS.drawio.png>

LaTeX Warning: `!h' float specifier changed to `!ht'.

[27]
File: images/IOTIDS.drawio.png Graphic file (type bmp)
<images/IOTIDS.drawio.png>


LaTeX Warning: `!h' float specifier changed to `!ht'.

[28]
File: images/IOTlevel2IPS.drawio.png Graphic file (type bmp)
<images/IOTlevel2IPS.drawio.png>
) (chapters/implementation.tex [29]
Chapter 5.

Overfull \hbox (0.2523pt too wide) in paragraph at lines 6--16
\TU/lmr/m/n/10 The last phase of the project focused on the deployment of ranso
mware to test the defensive mechanism.
 []

[30

]
Overfull \hbox (53.72932pt too wide) in paragraph at lines 24--27
\TU/lmr/m/n/10 <dest_node_ID>, ”command” : <command>}. The topic is ”PoliTo/C4E
S/<dest_node_ID>/command”. 
 []


Underfull \hbox (badness 10000) in paragraph at lines 34--41

 []

[31] [32]
Underfull \hbox (badness 10000) in paragraph at lines 74--76

 []

File: images/HighInterationHoneypot.drawio.png Graphic file (type bmp)
<images/HighInterationHoneypot.drawio.png>

LaTeX Warning: `!h' float specifier changed to `!ht'.

[33] [34]
File: images/lowInterationHoneypot.drawio.png Graphic file (type bmp)
<images/lowInterationHoneypot.drawio.png>
 [35]) (chapters/results.tex [36]
Chapter 6.
) (chapters/conclusions.tex [37

]
Chapter 7.
) (chapters/references.tex) (appendices/usermanual2.tex [38

]
Appendix A.
) (appendices/usermanual1.tex [39

]
Appendix B.

Overfull \hbox (19.73228pt too wide) in paragraph at lines 7--7
 []\TU/lmtt/m/n/10 ~/pythonImplementation\_29\_06\_HIGHLEVELHONEY\$ python hone
ypot.py 127.0.0.2 65430 
 []


LaTeX Warning: Characters dropped after `\end{verbatim}' on input line 7.


Overfull \hbox (40.73228pt too wide) in paragraph at lines 8--8
 []\TU/lmtt/m/n/10 ~/pythonImplementation\_29\_06\_HIGHLEVELHONEY\$ python mult
iServer2.py 127.0.0.3 65429 
 []


LaTeX Warning: Characters dropped after `\end{verbatim}' on input line 8.


Overfull \hbox (24.98228pt too wide) in paragraph at lines 9--9
 []\TU/lmtt/m/n/10 ~/pythonImplementation\_29\_06\_HIGHLEVELHONEY\$ python disp
acher.py 127.0.0.1 65430 
 []


LaTeX Warning: Characters dropped after `\end{verbatim}' on input line 9.


LaTeX Warning: Characters dropped after `\end{verbatim}' on input line 12.

[40

]
Overfull \hbox (40.73228pt too wide) in paragraph at lines 18--18
 []\TU/lmtt/m/n/10 ~/pythonImplementation\_29\_06\_HIGHLEVELHONEY\$ python mult
iServer2.py 127.0.0.3 65429 
 []


LaTeX Warning: Characters dropped after `\end{verbatim}' on input line 18.


Overfull \hbox (56.48228pt too wide) in paragraph at lines 19--19
 []\TU/lmtt/m/n/10 ~/pythonImplementation\_29\_06\_HIGHLEVELHONEY\$ python disp
acherAndPot.py 127.0.0.1 65430 
 []


LaTeX Warning: Characters dropped after `\end{verbatim}' on input line 19.


LaTeX Warning: Characters dropped after `\end{verbatim}' on input line 22.

[41]) (appendices/API.tex [42]
Appendix C.
)
No file report.bbl.
[43

] (report.aux)

LaTeX Warning: There were undefined references.


LaTeX Warning: There were multiply-defined labels.


Package rerunfilecheck Warning: File `report.out' has changed.
(rerunfilecheck)                Rerun to get outlines right
(rerunfilecheck)                or use package `bookmark'.

Package rerunfilecheck Info: Checksums for `report.out':
(rerunfilecheck)             Before: 082672524CFB3DD1190E8EC91E42AF1F;9250
(rerunfilecheck)             After:  9CA3EA4627ADF1BCC120F73BDE609D4B;13795.
 ) 
Here is how much of TeX's memory you used:
 15338 strings out of 410967
 246740 string characters out of 2823753
 593392 words of memory out of 3000000
 35808 multiletter control sequences out of 15000+600000
 471438 words of font info for 52 fonts, out of 8000000 for 9000
 1348 hyphenation exceptions out of 8191
 60i,12n,64p,1451b,469s stack positions out of 10000i,1000n,20000p,200000b,80000s

Output written on report.pdf (48 pages).
